Arguments: 
  C:\Program Files\nodejs\node.exe C:\Program Files (x86)\Yarn\bin\yarn.js

PATH: 
  C:\Program Files (x86)\Intel\iCLS Client\;C:\Program Files\Intel\iCLS Client\;C:\WINDOWS\system32;C:\WINDOWS;C:\WINDOWS\System32\Wbem;C:\WINDOWS\System32\WindowsPowerShell\v1.0\;C:\Program Files\Git\cmd;C:\Program Files (x86)\Intel\Intel(R) Management Engine Components\DAL;C:\Program Files\Intel\Intel(R) Management Engine Components\DAL;C:\Program Files (x86)\Intel\Intel(R) Management Engine Components\IPT;C:\Program Files\Intel\Intel(R) Management Engine Components\IPT;C:\WINDOWS\System32\OpenSSH\;C:\Program Files\Microsoft VS Code\bin;C:\Program Files\TortoiseSVN\bin;";C:\Program Files\Java\jdk1.6.0_45\\bin";C:\Program Files (x86)\Yarn\bin\;C:\CertiPro\sdk\bin;C:\Program Files\nodejs\;C:\Users\csh\AppData\Local\Programs\Python\Python37-32\Scripts\;C:\Users\csh\AppData\Local\Programs\Python\Python37-32\;C:\Users\csh\AppData\Local\Microsoft\WindowsApps;C:\Program Files\Bandizip\;C:\Program Files\Microsoft VS Code\bin;C:\Users\csh\AppData\Local\Yarn\bin;C:\Program Files\heroku\bin;C:\Users\csh\AppData\Roaming\npm

Yarn version: 
  1.9.4

Node version: 
  8.12.0

Platform: 
  win32 x64

Trace: 
  Error: EPERM: operation not permitted, unlink 'C:\work\s-store-pub\node_modules\.staging\lodash.restparam-d0edcec4\LICENSE.txt'

npm manifest: 
  {
    "name": "jquery-project",
    "version": "1.0.0",
    "description": "",
    "main": "index.js",
    "scripts": {
      "test": "echo \"Error: no test specified\" && exit 1",
      "start": "gulp && gulp serve && start http://localhost:5000/map.html"
    },
    "author": "cruel-32 <cruel32@nate.com>",
    "license": "ISC",
    "devDependencies": {
      "gulp": "^3.9.1",
      "gulp-autoprefixer": "^3.1.1",
      "gulp-babel": "^6.1.2",
      "gulp-clean": "^0.3.2",
      "gulp-connect": "^5.0.0",
      "gulp-consolidate": "^0.2.0",
      "gulp-csscomb": "^3.0.8",
      "gulp-cssmin": "^0.1.7",
      "gulp-data": "^1.3.1",
      "gulp-file-include": "^1.0.0",
      "gulp-group-css-media-queries": "^1.2.0",
      "gulp-htmlhint": "^0.3.1",
      "gulp-inline-css": "^3.1.0",
      "gulp-jshint": "^2.0.4",
      "gulp-minify": "0.0.15",
      "gulp-newer": "^1.3.0",
      "gulp-plumber": "^1.2.0",
      "gulp-sass": "^3.1.0",
      "gulp-sitemap-generator": "*",
      "gulp-sourcemaps": "^2.6.0",
      "gulp-stats": "0.0.4",
      "gulp-template": "^5.0.0",
      "gulp-util": "^3.0.8",
      "gulp-watch": "^4.3.11",
      "jshint": "^2.9.4",
      "merge-stream": "^1.0.1"
    },
    "repository": "https://github.com/cruel-32/s-store.git"
  }

yarn manifest: 
  No manifest

Lockfile: 
  No lockfile
